<?xml version="1.0" encoding="UTF-8"?>
<!-- Generated by org.testng.reporters.JUnitReportReporter -->
<testsuite hostname="LAPTOP-KM1NNOMD" failures="0" tests="1" name="com.selenium.automation.TestNg" time="3.615" errors="0" timestamp="2023-05-20T01:34:59 IST" skipped="0">
  <testcase classname="com.selenium.automation.TestNg" name="test" time="3.615"/>
  <system-out/>
</testsuite> <!-- com.selenium.automation.TestNg -->
