<?xml version="1.0" encoding="UTF-8"?>
<!-- Generated by org.testng.reporters.JUnitReportReporter -->
<testsuite hostname="LAPTOP-KM1NNOMD" failures="0" tests="1" name="com.selenium.automation.AppTest" time="0.005" errors="0" timestamp="2023-05-16T00:44:38 IST" skipped="0">
  <testcase classname="com.selenium.automation.AppTest" name="shouldAnswerWithTrue" time="0.005"/>
  <system-out/>
</testsuite> <!-- com.selenium.automation.AppTest -->
